info: Dec-10-2021 11:42:13: 	Server started and running on http://localhost:5000
info: Dec-10-2021 11:48:35: 	Server started and running on http://localhost:5000
info: Dec-10-2021 11:48:41: 	Server started and running on http://localhost:5000
info: Dec-10-2021 11:48:42: 	Server started and running on http://localhost:5000
info: Dec-10-2021 11:48:47: 	Server started and running on http://localhost:5000
info: Dec-10-2021 11:48:54: 	Server started and running on http://localhost:5000
info: Dec-10-2021 11:49:12: 	Server started and running on http://localhost:5000
info: Dec-10-2021 11:49:13: 	Server started and running on http://localhost:5000
info: Dec-10-2021 11:49:30: 	Server started and running on http://localhost:5000
info: Dec-10-2021 11:49:48: 	Server started and running on http://localhost:5000
info: Dec-10-2021 11:50:00: 	Server started and running on http://localhost:5000
info: Dec-10-2021 11:50:09: 	Server started and running on http://localhost:5000
info: Dec-10-2021 11:50:11: 	Server started and running on http://localhost:5000
info: Dec-10-2021 11:50:14: 	Server started and running on http://localhost:5000
info: Dec-10-2021 11:50:38: 	Server started and running on http://localhost:5000
info: Dec-10-2021 11:50:42: 	Server started and running on http://localhost:5000
info: Dec-10-2021 11:51:32: 	Server started and running on http://localhost:5000
info: Dec-10-2021 11:51:36: 	Server started and running on http://localhost:5000
info: Dec-10-2021 11:51:39: 	Server started and running on http://localhost:5000
info: Dec-10-2021 11:51:45: 	Server started and running on http://localhost:5000
info: Dec-10-2021 11:52:02: 	Server started and running on http://localhost:5000
info: Dec-10-2021 11:52:05: 	Server started and running on http://localhost:5000
info: Dec-10-2021 11:52:06: 	Server started and running on http://localhost:5000
info: Dec-10-2021 11:52:14: 	Server started and running on http://localhost:5000
info: Dec-10-2021 11:52:24: 	Server started and running on http://localhost:5000
info: Dec-10-2021 11:52:26: 	Server started and running on http://localhost:5000
info: Dec-10-2021 11:52:29: 	Server started and running on http://localhost:5000
info: Dec-10-2021 11:52:31: 	Server started and running on http://localhost:5000
info: Dec-10-2021 11:52:36: 	Server started and running on http://localhost:5000
info: Dec-10-2021 11:52:39: 	Server started and running on http://localhost:5000
info: Dec-10-2021 11:52:43: 	Server started and running on http://localhost:5000
info: Dec-10-2021 11:52:59: 	Server started and running on http://localhost:5000
info: Dec-10-2021 11:53:05: 	Server started and running on http://localhost:5000
info: Dec-10-2021 11:54:45: 	Server started and running on http://localhost:5000
info: Dec-10-2021 11:55:10: 	Server started and running on http://localhost:5000
info: Dec-10-2021 11:55:28: 	Server started and running on http://localhost:5000
info: Dec-10-2021 11:58:20: 	Server started and running on http://localhost:5000
info: Dec-10-2021 11:58:24: 	Server started and running on http://localhost:5000
info: Dec-10-2021 11:58:27: 	MongoDB Connection Successful
info: Dec-10-2021 11:58:40: 	Server started and running on http://localhost:5000
info: Dec-10-2021 11:58:42: 	MongoDB Connection Successful
info: Dec-10-2021 11:58:45: 	Server started and running on http://localhost:5000
info: Dec-10-2021 11:58:47: 	MongoDB Connection Successful
info: Dec-10-2021 11:58:52: 	Server started and running on http://localhost:5000
info: Dec-10-2021 11:58:54: 	MongoDB Connection Successful
info: Dec-10-2021 11:59:07: 	Server started and running on http://localhost:5000
info: Dec-10-2021 11:59:09: 	MongoDB Connection Successful
info: Dec-10-2021 11:59:11: 	Server started and running on http://localhost:5000
info: Dec-10-2021 11:59:13: 	Server started and running on http://localhost:5000
info: Dec-10-2021 11:59:15: 	Server started and running on http://localhost:5000
info: Dec-10-2021 11:59:17: 	MongoDB Connection Successful
info: Dec-10-2021 11:59:31: 	Server started and running on http://localhost:5000
info: Dec-10-2021 11:59:33: 	Server started and running on http://localhost:5000
info: Dec-10-2021 11:59:36: 	MongoDB Connection Successful
info: Dec-10-2021 12:04:36: 	Server started and running on http://localhost:5000
info: Dec-10-2021 12:04:39: 	MongoDB Connection Successful
info: Dec-10-2021 12:04:44: 	Server started and running on http://localhost:5000
info: Dec-10-2021 12:04:46: 	MongoDB Connection Successful
info: Dec-10-2021 12:04:47: 	Server started and running on http://localhost:5000
info: Dec-10-2021 12:04:50: 	Server started and running on http://localhost:5000
info: Dec-10-2021 12:04:53: 	MongoDB Connection Successful
info: Dec-10-2021 12:05:38: 	Server started and running on http://localhost:5000
info: Dec-10-2021 12:05:41: 	MongoDB Connection Successful
info: Dec-10-2021 12:06:03: 	Static files i.e. client served
info: Dec-10-2021 12:09:07: 	Server started and running on http://localhost:5000
info: Dec-10-2021 12:09:10: 	MongoDB Connection Successful
info: Dec-10-2021 12:09:33: 	Server started and running on http://localhost:5000
info: Dec-10-2021 12:09:35: 	MongoDB Connection Successful
info: Dec-10-2021 12:10:17: 	Static files i.e. client served
info: Dec-10-2021 12:10:17: 	Static files i.e. client served
info: Dec-10-2021 12:10:17: 	Static files i.e. client served
info: Dec-10-2021 12:10:37: 	JWT sent to frontend - login route
info: Dec-10-2021 12:10:37: 	Static files i.e. client served
info: Dec-10-2021 12:11:07: 	Static files i.e. client served
info: Dec-10-2021 12:11:07: 	Static files i.e. client served
info: Dec-10-2021 12:11:07: 	Static files i.e. client served
info: Dec-10-2021 12:11:32: 	Static files i.e. client served
info: Dec-10-2021 12:11:32: 	Static files i.e. client served
info: Dec-10-2021 12:11:32: 	Static files i.e. client served
info: Dec-10-2021 12:11:46: 	Live Compiler is working as expected
